This file contains any messages produced by compilers while
running configure, to aid debugging if configure makes a mistake.

It was created by soccerwindow2 configure 2023, which was
generated by GNU Autoconf 2.71.  Invocation command line was

  $ ./configure

## --------- ##
## Platform. ##
## --------- ##

hostname = DESKTOP-UIHM31H
uname -m = x86_64
uname -r = 5.15.167.4-microsoft-standard-WSL2
uname -s = Linux
uname -v = #1 SMP Tue Nov 5 00:21:55 UTC 2024

/usr/bin/uname -p = x86_64
/bin/uname -X     = unknown

/bin/arch              = x86_64
/usr/bin/arch -k       = unknown
/usr/convex/getsysinfo = unknown
/usr/bin/hostinfo      = unknown
/bin/machine           = unknown
/usr/bin/oslevel       = unknown
/bin/universe          = unknown

PATH: /usr/local/sbin/
PATH: /usr/local/bin/
PATH: /usr/sbin/
PATH: /usr/bin/
PATH: /sbin/
PATH: /bin/
PATH: /usr/games/
PATH: /usr/local/games/
PATH: /usr/lib/wsl/lib/
PATH: /mnt/c/Program Files (x86)/Common Files/Oracle/Java/javapath/
PATH: /mnt/c/WINDOWS/system32/
PATH: /mnt/c/WINDOWS/
PATH: /mnt/c/WINDOWS/System32/Wbem/
PATH: /mnt/c/WINDOWS/System32/WindowsPowerShell/v1.0/
PATH: /mnt/c/WINDOWS/System32/OpenSSH/
PATH: /mnt/c/Program Files/dotnet/
PATH: /mnt/c/MinGW/bin/
PATH: /mnt/c/Program Files (x86)/Windows Kits/10/Windows Performance Toolkit/
PATH: /mnt/c/Program Files/Git/cmd/
PATH: /mnt/c/Users/Patu/AppData/Local/Microsoft/WindowsApps/
PATH: /mnt/c/Users/Patu/AppData/Local/Programs/Microsoft VS Code/bin/
PATH: /snap/bin/


## ----------- ##
## Core tests. ##
## ----------- ##

configure:2717: looking for aux files: config.guess config.sub compile missing install-sh
configure:2730:  trying ./config/
configure:2759:   ./config/config.guess found
configure:2759:   ./config/config.sub found
configure:2759:   ./config/compile found
configure:2759:   ./config/missing found
configure:2741:   ./config/install-sh found
configure:2897: checking for a BSD-compatible install
configure:2970: result: /usr/bin/install -c
configure:2981: checking whether build environment is sane
configure:3036: result: yes
configure:3195: checking for a race-free mkdir -p
configure:3239: result: /usr/bin/mkdir -p
configure:3246: checking for gawk
configure:3267: found /usr/bin/gawk
configure:3278: result: gawk
configure:3289: checking whether make sets $(MAKE)
configure:3312: result: yes
configure:3342: checking whether make supports nested variables
configure:3360: result: yes
configure:3570: checking for gcc
configure:3591: found /usr/bin/gcc
configure:3602: result: gcc
configure:3955: checking for C compiler version
configure:3964: gcc --version >&5
gcc (Ubuntu 13.3.0-6ubuntu2~24.04) 13.3.0
Copyright (C) 2023 Free Software Foundation, Inc.
This is free software; see the source for copying conditions.  There is NO
warranty; not even for MERCHANTABILITY or FITNESS FOR A PARTICULAR PURPOSE.

configure:3975: $? = 0
configure:3964: gcc -v >&5
Using built-in specs.
COLLECT_GCC=gcc
COLLECT_LTO_WRAPPER=/usr/libexec/gcc/x86_64-linux-gnu/13/lto-wrapper
OFFLOAD_TARGET_NAMES=nvptx-none:amdgcn-amdhsa
OFFLOAD_TARGET_DEFAULT=1
Target: x86_64-linux-gnu
Configured with: ../src/configure -v --with-pkgversion='Ubuntu 13.3.0-6ubuntu2~24.04' --with-bugurl=file:///usr/share/doc/gcc-13/README.Bugs --enable-languages=c,ada,c++,go,d,fortran,objc,obj-c++,m2 --prefix=/usr --with-gcc-major-version-only --program-suffix=-13 --program-prefix=x86_64-linux-gnu- --enable-shared --enable-linker-build-id --libexecdir=/usr/libexec --without-included-gettext --enable-threads=posix --libdir=/usr/lib --enable-nls --enable-bootstrap --enable-clocale=gnu --enable-libstdcxx-debug --enable-libstdcxx-time=yes --with-default-libstdcxx-abi=new --enable-libstdcxx-backtrace --enable-gnu-unique-object --disable-vtable-verify --enable-plugin --enable-default-pie --with-system-zlib --enable-libphobos-checking=release --with-target-system-zlib=auto --enable-objc-gc=auto --enable-multiarch --disable-werror --enable-cet --with-arch-32=i686 --with-abi=m64 --with-multilib-list=m32,m64,mx32 --enable-multilib --with-tune=generic --enable-offload-targets=nvptx-none=/build/gcc-13-fG75Ri/gcc-13-13.3.0/debian/tmp-nvptx/usr,amdgcn-amdhsa=/build/gcc-13-fG75Ri/gcc-13-13.3.0/debian/tmp-gcn/usr --enable-offload-defaulted --without-cuda-driver --enable-checking=release --build=x86_64-linux-gnu --host=x86_64-linux-gnu --target=x86_64-linux-gnu --with-build-config=bootstrap-lto-lean --enable-link-serialization=2
Thread model: posix
Supported LTO compression algorithms: zlib zstd
gcc version 13.3.0 (Ubuntu 13.3.0-6ubuntu2~24.04) 
... rest of stderr output deleted ...
configure:3975: $? = 0
configure:3964: gcc -V >&5
gcc: error: unrecognized command-line option '-V'
gcc: fatal error: no input files
compilation terminated.
configure:3975: $? = 1
configure:3964: gcc -qversion >&5
gcc: error: unrecognized command-line option '-qversion'; did you mean '--version'?
gcc: fatal error: no input files
compilation terminated.
configure:3975: $? = 1
configure:3964: gcc -version >&5
gcc: error: unrecognized command-line option '-version'
gcc: fatal error: no input files
compilation terminated.
configure:3975: $? = 1
configure:3995: checking whether the C compiler works
configure:4017: gcc    conftest.c  >&5
configure:4021: $? = 0
configure:4071: result: yes
configure:4074: checking for C compiler default output file name
configure:4076: result: a.out
configure:4082: checking for suffix of executables
configure:4089: gcc -o conftest    conftest.c  >&5
configure:4093: $? = 0
configure:4116: result: 
configure:4138: checking whether we are cross compiling
configure:4146: gcc -o conftest    conftest.c  >&5
configure:4150: $? = 0
configure:4157: ./conftest
configure:4161: $? = 0
configure:4176: result: no
configure:4181: checking for suffix of object files
configure:4204: gcc -c   conftest.c >&5
configure:4208: $? = 0
configure:4230: result: o
configure:4234: checking whether the compiler supports GNU C
configure:4254: gcc -c   conftest.c >&5
configure:4254: $? = 0
configure:4264: result: yes
configure:4275: checking whether gcc accepts -g
configure:4296: gcc -c -g  conftest.c >&5
configure:4296: $? = 0
configure:4340: result: yes
configure:4360: checking for gcc option to enable C11 features
configure:4375: gcc  -c -g -O2  conftest.c >&5
configure:4375: $? = 0
configure:4393: result: none needed
configure:4509: checking whether gcc understands -c and -o together
configure:4532: gcc -c conftest.c -o conftest2.o
configure:4535: $? = 0
configure:4532: gcc -c conftest.c -o conftest2.o
configure:4535: $? = 0
configure:4547: result: yes
configure:4567: checking whether make supports the include directive
configure:4582: make -f confmf.GNU && cat confinc.out
this is the am__doit target
configure:4585: $? = 0
configure:4604: result: yes (GNU style)
configure:4630: checking dependency style of gcc
configure:4742: result: gcc3
configure:4826: checking for g++
configure:4847: found /usr/bin/g++
configure:4858: result: g++
configure:4885: checking for C++ compiler version
configure:4894: g++ --version >&5
g++ (Ubuntu 13.3.0-6ubuntu2~24.04) 13.3.0
Copyright (C) 2023 Free Software Foundation, Inc.
This is free software; see the source for copying conditions.  There is NO
warranty; not even for MERCHANTABILITY or FITNESS FOR A PARTICULAR PURPOSE.

configure:4905: $? = 0
configure:4894: g++ -v >&5
Using built-in specs.
COLLECT_GCC=g++
COLLECT_LTO_WRAPPER=/usr/libexec/gcc/x86_64-linux-gnu/13/lto-wrapper
OFFLOAD_TARGET_NAMES=nvptx-none:amdgcn-amdhsa
OFFLOAD_TARGET_DEFAULT=1
Target: x86_64-linux-gnu
Configured with: ../src/configure -v --with-pkgversion='Ubuntu 13.3.0-6ubuntu2~24.04' --with-bugurl=file:///usr/share/doc/gcc-13/README.Bugs --enable-languages=c,ada,c++,go,d,fortran,objc,obj-c++,m2 --prefix=/usr --with-gcc-major-version-only --program-suffix=-13 --program-prefix=x86_64-linux-gnu- --enable-shared --enable-linker-build-id --libexecdir=/usr/libexec --without-included-gettext --enable-threads=posix --libdir=/usr/lib --enable-nls --enable-bootstrap --enable-clocale=gnu --enable-libstdcxx-debug --enable-libstdcxx-time=yes --with-default-libstdcxx-abi=new --enable-libstdcxx-backtrace --enable-gnu-unique-object --disable-vtable-verify --enable-plugin --enable-default-pie --with-system-zlib --enable-libphobos-checking=release --with-target-system-zlib=auto --enable-objc-gc=auto --enable-multiarch --disable-werror --enable-cet --with-arch-32=i686 --with-abi=m64 --with-multilib-list=m32,m64,mx32 --enable-multilib --with-tune=generic --enable-offload-targets=nvptx-none=/build/gcc-13-fG75Ri/gcc-13-13.3.0/debian/tmp-nvptx/usr,amdgcn-amdhsa=/build/gcc-13-fG75Ri/gcc-13-13.3.0/debian/tmp-gcn/usr --enable-offload-defaulted --without-cuda-driver --enable-checking=release --build=x86_64-linux-gnu --host=x86_64-linux-gnu --target=x86_64-linux-gnu --with-build-config=bootstrap-lto-lean --enable-link-serialization=2
Thread model: posix
Supported LTO compression algorithms: zlib zstd
gcc version 13.3.0 (Ubuntu 13.3.0-6ubuntu2~24.04) 
... rest of stderr output deleted ...
configure:4905: $? = 0
configure:4894: g++ -V >&5
g++: error: unrecognized command-line option '-V'
g++: fatal error: no input files
compilation terminated.
configure:4905: $? = 1
configure:4894: g++ -qversion >&5
g++: error: unrecognized command-line option '-qversion'; did you mean '--version'?
g++: fatal error: no input files
compilation terminated.
configure:4905: $? = 1
configure:4909: checking whether the compiler supports GNU C++
configure:4929: g++ -c   conftest.cpp >&5
configure:4929: $? = 0
configure:4939: result: yes
configure:4950: checking whether g++ accepts -g
configure:4971: g++ -c -g  conftest.cpp >&5
configure:4971: $? = 0
configure:5015: result: yes
configure:5035: checking for g++ option to enable C++11 features
configure:5050: g++  -c -g -O2  conftest.cpp >&5
conftest.cpp: In function 'int main(int, char**)':
conftest.cpp:177:25: warning: empty parentheses were disambiguated as a function declaration [-Wvexing-parse]
  177 |   cxx11test::delegate d2();
      |                         ^~
conftest.cpp:177:25: note: remove parentheses to default-initialize a variable
  177 |   cxx11test::delegate d2();
      |                         ^~
      |                         --
conftest.cpp:177:25: note: or replace parentheses with braces to value-initialize a variable
configure:5050: $? = 0
configure:5068: result: none needed
configure:5134: checking dependency style of g++
configure:5246: result: gcc3
configure:5309: checking for ranlib
configure:5330: found /usr/bin/ranlib
configure:5341: result: ranlib
configure:5385: checking how to run the C++ preprocessor
configure:5407: g++ -E  conftest.cpp
configure:5407: $? = 0
configure:5422: g++ -E  conftest.cpp
conftest.cpp:11:10: fatal error: ac_nonexistent.h: No such file or directory
   11 | #include <ac_nonexistent.h>
      |          ^~~~~~~~~~~~~~~~~~
compilation terminated.
configure:5422: $? = 1
configure: failed program was:
| /* confdefs.h */
| #define PACKAGE_NAME "soccerwindow2"
| #define PACKAGE_TARNAME "soccerwindow2"
| #define PACKAGE_VERSION "2023"
| #define PACKAGE_STRING "soccerwindow2 2023"
| #define PACKAGE_BUGREPORT "akky@users.sourceforge.jp"
| #define PACKAGE_URL ""
| #define PACKAGE "soccerwindow2"
| #define VERSION "2023"
| /* end confdefs.h.  */
| #include <ac_nonexistent.h>
configure:5449: result: g++ -E
configure:5463: g++ -E  conftest.cpp
configure:5463: $? = 0
configure:5478: g++ -E  conftest.cpp
conftest.cpp:11:10: fatal error: ac_nonexistent.h: No such file or directory
   11 | #include <ac_nonexistent.h>
      |          ^~~~~~~~~~~~~~~~~~
compilation terminated.
configure:5478: $? = 1
configure: failed program was:
| /* confdefs.h */
| #define PACKAGE_NAME "soccerwindow2"
| #define PACKAGE_TARNAME "soccerwindow2"
| #define PACKAGE_VERSION "2023"
| #define PACKAGE_STRING "soccerwindow2 2023"
| #define PACKAGE_BUGREPORT "akky@users.sourceforge.jp"
| #define PACKAGE_URL ""
| #define PACKAGE "soccerwindow2"
| #define VERSION "2023"
| /* end confdefs.h.  */
| #include <ac_nonexistent.h>
configure:5509: checking for X
configure:5547: g++ -o conftest -g -O2   conftest.cpp -lX11  >&5
configure:5547: $? = 0
configure:5734: result: libraries , headers 
configure:5831: g++ -o conftest -g -O2   conftest.cpp   -lX11 >&5
configure:5831: $? = 0
configure:5928: checking for gethostbyname
configure:5928: g++ -o conftest -g -O2   conftest.cpp  >&5
configure:5928: $? = 0
configure:5928: result: yes
configure:6024: checking for connect
configure:6024: g++ -o conftest -g -O2   conftest.cpp  >&5
configure:6024: $? = 0
configure:6024: result: yes
configure:6073: checking for remove
configure:6073: g++ -o conftest -g -O2   conftest.cpp  >&5
configure:6073: $? = 0
configure:6073: result: yes
configure:6122: checking for shmat
configure:6122: g++ -o conftest -g -O2   conftest.cpp  >&5
configure:6122: $? = 0
configure:6122: result: yes
configure:6180: checking for IceConnectionNumber in -lICE
configure:6202: g++ -o conftest -g -O2   conftest.cpp -lICE   >&5
configure:6202: $? = 0
configure:6212: result: yes
configure:6285: checking for qmake
configure:6306: found /usr/bin/qmake
configure:6317: result: qmake
configure:6342: checking for Qt
configure:6411: result: yes:
    QT_CXXFLAGS=-pipe -O2 -Wall -Wextra -D_REENTRANT -fPIC -DQT_NO_DEBUG -DQT_OPENGL_LIB -DQT_PRINTSUPPORT_LIB -DQT_WIDGETS_LIB -DQT_GUI_LIB -DQT_CONCURRENT_LIB -DQT_DBUS_LIB -DQT_NETWORK_LIB -DQT_SQL_LIB -DQT_TESTLIB_LIB -DQT_XML_LIB -DQT_CORE_LIB -DQT_TESTCASE_BUILDDIR="/tmp/tmp.QwSeHWcw4p" -I. -I/usr/include/x86_64-linux-gnu/qt5 -I/usr/include/x86_64-linux-gnu/qt5/QtOpenGL -I/usr/include/x86_64-linux-gnu/qt5/QtPrintSupport -I/usr/include/x86_64-linux-gnu/qt5/QtWidgets -I/usr/include/x86_64-linux-gnu/qt5/QtGui -I/usr/include/x86_64-linux-gnu/qt5/QtConcurrent -I/usr/include/x86_64-linux-gnu/qt5/QtDBus -I/usr/include/x86_64-linux-gnu/qt5/QtNetwork -I/usr/include/x86_64-linux-gnu/qt5/QtSql -I/usr/include/x86_64-linux-gnu/qt5/QtTest -I/usr/include/x86_64-linux-gnu/qt5/QtXml -I/usr/include/x86_64-linux-gnu/qt5/QtCore -I. -I/usr/lib/x86_64-linux-gnu/qt5/mkspecs/linux-g++ 
    QT_DIR=/usr/lib/x86_64-linux-gnu
    QT_LIBS=/usr/lib/x86_64-linux-gnu/libQt5OpenGL.so /usr/lib/x86_64-linux-gnu/libQt5PrintSupport.so /usr/lib/x86_64-linux-gnu/libQt5Widgets.so /usr/lib/x86_64-linux-gnu/libQt5Gui.so /usr/lib/x86_64-linux-gnu/libQt5Concurrent.so /usr/lib/x86_64-linux-gnu/libQt5DBus.so /usr/lib/x86_64-linux-gnu/libQt5Network.so /usr/lib/x86_64-linux-gnu/libQt5Sql.so /usr/lib/x86_64-linux-gnu/libQt5Test.so /usr/lib/x86_64-linux-gnu/libQt5Xml.so /usr/lib/x86_64-linux-gnu/libQt5Core.so -lGL -lpthread  
    QT_UIC=/usr/bin/uic
    QT_MOC=/usr/bin/moc
    QT_RCC=/usr/bin/rcc
    QT_LRELEASE=/usr/bin/lrelease
    QT_LUPDATE=/usr/bin/lupdate
configure:6455: checking correct functioning of Qt installation
configure:6490: /usr/bin/moc ax_qt_test.h -o moc_ax_qt_test.cpp >/dev/null 2>/dev/null
configure:6493: $? = 0
configure:6501: g++ -pipe -O2 -Wall -Wextra -D_REENTRANT -fPIC -DQT_NO_DEBUG -DQT_OPENGL_LIB -DQT_PRINTSUPPORT_LIB -DQT_WIDGETS_LIB -DQT_GUI_LIB -DQT_CONCURRENT_LIB -DQT_DBUS_LIB -DQT_NETWORK_LIB -DQT_SQL_LIB -DQT_TESTLIB_LIB -DQT_XML_LIB -DQT_CORE_LIB -DQT_TESTCASE_BUILDDIR=/tmp/tmp.QwSeHWcw4p -I. -I/usr/include/x86_64-linux-gnu/qt5 -I/usr/include/x86_64-linux-gnu/qt5/QtOpenGL -I/usr/include/x86_64-linux-gnu/qt5/QtPrintSupport -I/usr/include/x86_64-linux-gnu/qt5/QtWidgets -I/usr/include/x86_64-linux-gnu/qt5/QtGui -I/usr/include/x86_64-linux-gnu/qt5/QtConcurrent -I/usr/include/x86_64-linux-gnu/qt5/QtDBus -I/usr/include/x86_64-linux-gnu/qt5/QtNetwork -I/usr/include/x86_64-linux-gnu/qt5/QtSql -I/usr/include/x86_64-linux-gnu/qt5/QtTest -I/usr/include/x86_64-linux-gnu/qt5/QtXml -I/usr/include/x86_64-linux-gnu/qt5/QtCore -I. -I/usr/lib/x86_64-linux-gnu/qt5/mkspecs/linux-g++  -c -g -O2 -o moc_ax_qt_test.o moc_ax_qt_test.cpp >/dev/null 2>/dev/null
configure:6504: $? = 0
configure:6512: g++ -pipe -O2 -Wall -Wextra -D_REENTRANT -fPIC -DQT_NO_DEBUG -DQT_OPENGL_LIB -DQT_PRINTSUPPORT_LIB -DQT_WIDGETS_LIB -DQT_GUI_LIB -DQT_CONCURRENT_LIB -DQT_DBUS_LIB -DQT_NETWORK_LIB -DQT_SQL_LIB -DQT_TESTLIB_LIB -DQT_XML_LIB -DQT_CORE_LIB -DQT_TESTCASE_BUILDDIR=/tmp/tmp.QwSeHWcw4p -I. -I/usr/include/x86_64-linux-gnu/qt5 -I/usr/include/x86_64-linux-gnu/qt5/QtOpenGL -I/usr/include/x86_64-linux-gnu/qt5/QtPrintSupport -I/usr/include/x86_64-linux-gnu/qt5/QtWidgets -I/usr/include/x86_64-linux-gnu/qt5/QtGui -I/usr/include/x86_64-linux-gnu/qt5/QtConcurrent -I/usr/include/x86_64-linux-gnu/qt5/QtDBus -I/usr/include/x86_64-linux-gnu/qt5/QtNetwork -I/usr/include/x86_64-linux-gnu/qt5/QtSql -I/usr/include/x86_64-linux-gnu/qt5/QtTest -I/usr/include/x86_64-linux-gnu/qt5/QtXml -I/usr/include/x86_64-linux-gnu/qt5/QtCore -I. -I/usr/lib/x86_64-linux-gnu/qt5/mkspecs/linux-g++  -c -g -O2 -o ax_qt_main.o ax_qt_main.cpp >/dev/null 2>/dev/null
configure:6515: $? = 0
configure:6523: g++ -o ax_qt_main ax_qt_main.o moc_ax_qt_test.o /usr/lib/x86_64-linux-gnu/libQt5OpenGL.so /usr/lib/x86_64-linux-gnu/libQt5PrintSupport.so /usr/lib/x86_64-linux-gnu/libQt5Widgets.so /usr/lib/x86_64-linux-gnu/libQt5Gui.so /usr/lib/x86_64-linux-gnu/libQt5Concurrent.so /usr/lib/x86_64-linux-gnu/libQt5DBus.so /usr/lib/x86_64-linux-gnu/libQt5Network.so /usr/lib/x86_64-linux-gnu/libQt5Sql.so /usr/lib/x86_64-linux-gnu/libQt5Test.so /usr/lib/x86_64-linux-gnu/libQt5Xml.so /usr/lib/x86_64-linux-gnu/libQt5Core.so -lGL -lpthread    >/dev/null 2>/dev/null
configure:6526: $? = 0
configure:6538: result: success
configure:6595: checking whether g++ supports C++17 features with -std=c++17
configure:7396: g++ -std=c++17 -c -g -O2  conftest.cpp >&5
configure:7396: $? = 0
configure:7406: result: yes
configure:7454: checking build system type
configure:7469: result: x86_64-pc-linux-gnu
configure:7489: checking host system type
configure:7503: result: x86_64-pc-linux-gnu
configure:7676: checking for boostlib >= 1.38.0 (103800)
configure:7708: g++ -std=c++17 -c -g -O2  -I/usr/include conftest.cpp >&5
configure:7708: $? = 0
configure:7711: result: yes
configure:7905: checking whether the Boost::System library is available
configure:7931: g++ -std=c++17 -c   -I/usr/include conftest.cpp >&5
configure:7931: $? = 0
configure:7947: result: yes
configure:7962: checking for exit in -lboost_system
configure:7984: g++ -std=c++17 -o conftest -g -O2  -I/usr/include  -L/usr/lib/x86_64-linux-gnu conftest.cpp -lboost_system   >&5
configure:7984: $? = 0
configure:7995: result: yes
configure:8153: checking for cos in -lm
configure:8175: g++ -std=c++17 -o conftest -g -O2  -I/usr/include -I/usr/local/include  -L/usr/lib/x86_64-linux-gnu -L/usr/local/lib conftest.cpp -lm   -lboost_system >&5
configure:8175: $? = 0
configure:8185: result: yes
configure:8194: checking for deflate in -lz
configure:8216: g++ -std=c++17 -o conftest -g -O2  -I/usr/include -I/usr/local/include  -L/usr/lib/x86_64-linux-gnu -L/usr/local/lib conftest.cpp -lz  -lm  -lboost_system >&5
configure:8216: $? = 0
configure:8226: result: yes
configure:8237: checking for main in -lrcsc
configure:8259: g++ -std=c++17 -o conftest -g -O2  -I/usr/include -I/usr/local/include  -L/usr/lib/x86_64-linux-gnu -L/usr/local/lib conftest.cpp -lrcsc  -lz -lm  -lboost_system >&5
/usr/bin/ld: cannot find -lrcsc: No such file or directory
collect2: error: ld returned 1 exit status
configure:8259: $? = 1
configure: failed program was:
| /* confdefs.h */
| #define PACKAGE_NAME "soccerwindow2"
| #define PACKAGE_TARNAME "soccerwindow2"
| #define PACKAGE_VERSION "2023"
| #define PACKAGE_STRING "soccerwindow2 2023"
| #define PACKAGE_BUGREPORT "akky@users.sourceforge.jp"
| #define PACKAGE_URL ""
| #define PACKAGE "soccerwindow2"
| #define VERSION "2023"
| #define HAVE_CXX17 1
| #define HAVE_BOOST /**/
| #define HAVE_BOOST_SYSTEM /**/
| #define HAVE_LIBZ 1
| /* end confdefs.h.  */
| 
| namespace conftest {
|   extern "C" int main ();
| }
| int
| main (void)
| {
| return conftest::main ();
|   ;
|   return 0;
| }
configure:8269: result: no
configure:8275: error: *** -lrcsc not found! ***

## ---------------- ##
## Cache variables. ##
## ---------------- ##

ac_cv_build=x86_64-pc-linux-gnu
ac_cv_c_compiler_gnu=yes
ac_cv_cxx_compiler_gnu=yes
ac_cv_env_CCC_set=
ac_cv_env_CCC_value=
ac_cv_env_CC_set=
ac_cv_env_CC_value=
ac_cv_env_CFLAGS_set=
ac_cv_env_CFLAGS_value=
ac_cv_env_CPPFLAGS_set=
ac_cv_env_CPPFLAGS_value=
ac_cv_env_CXXCPP_set=
ac_cv_env_CXXCPP_value=
ac_cv_env_CXXFLAGS_set=
ac_cv_env_CXXFLAGS_value=
ac_cv_env_CXX_set=
ac_cv_env_CXX_value=
ac_cv_env_LDFLAGS_set=
ac_cv_env_LDFLAGS_value=
ac_cv_env_LIBS_set=
ac_cv_env_LIBS_value=
ac_cv_env_QMAKE_set=
ac_cv_env_QMAKE_value=
ac_cv_env_XMKMF_set=
ac_cv_env_XMKMF_value=
ac_cv_env_build_alias_set=
ac_cv_env_build_alias_value=
ac_cv_env_host_alias_set=
ac_cv_env_host_alias_value=
ac_cv_env_target_alias_set=
ac_cv_env_target_alias_value=
ac_cv_func_connect=yes
ac_cv_func_gethostbyname=yes
ac_cv_func_remove=yes
ac_cv_func_shmat=yes
ac_cv_have_x='have_x=yes	ac_x_includes='\'''\''	ac_x_libraries='\'''\'''
ac_cv_host=x86_64-pc-linux-gnu
ac_cv_lib_ICE_IceConnectionNumber=yes
ac_cv_lib_boost_system_exit=yes
ac_cv_lib_m_cos=yes
ac_cv_lib_rcsc_main=no
ac_cv_lib_z_deflate=yes
ac_cv_objext=o
ac_cv_path_install='/usr/bin/install -c'
ac_cv_path_mkdir=/usr/bin/mkdir
ac_cv_prog_AWK=gawk
ac_cv_prog_CXXCPP='g++ -E'
ac_cv_prog_ac_ct_CC=gcc
ac_cv_prog_ac_ct_CXX=g++
ac_cv_prog_ac_ct_QMAKE=qmake
ac_cv_prog_ac_ct_RANLIB=ranlib
ac_cv_prog_cc_c11=
ac_cv_prog_cc_g=yes
ac_cv_prog_cc_stdc=
ac_cv_prog_cxx_cxx11=
ac_cv_prog_cxx_g=yes
ac_cv_prog_cxx_stdcxx=
ac_cv_prog_make_make_set=yes
am_cv_CC_dependencies_compiler_type=gcc3
am_cv_CXX_dependencies_compiler_type=gcc3
am_cv_make_support_nested_variables=yes
am_cv_prog_cc_c_o=yes
ax_cv_boost_system=yes
ax_cv_cxx_compile_cxx17__std_cpp17=yes
ax_cv_qt_test_result=success

## ----------------- ##
## Output variables. ##
## ----------------- ##

ACLOCAL='${SHELL} '\''/home/patuur/arquivos/sim_robocup/soccerwindow2-master/soccerwindow2-master/config/missing'\'' aclocal-1.16'
AMDEPBACKSLASH='\'
AMDEP_FALSE='#'
AMDEP_TRUE=''
AMTAR='$${TAR-tar}'
AM_BACKSLASH='\'
AM_DEFAULT_V='$(AM_DEFAULT_VERBOSITY)'
AM_DEFAULT_VERBOSITY='1'
AM_V='$(V)'
AUTOCONF='${SHELL} '\''/home/patuur/arquivos/sim_robocup/soccerwindow2-master/soccerwindow2-master/config/missing'\'' autoconf'
AUTOHEADER='${SHELL} '\''/home/patuur/arquivos/sim_robocup/soccerwindow2-master/soccerwindow2-master/config/missing'\'' autoheader'
AUTOMAKE='${SHELL} '\''/home/patuur/arquivos/sim_robocup/soccerwindow2-master/soccerwindow2-master/config/missing'\'' automake-1.16'
AWK='gawk'
BOOST_CPPFLAGS='-I/usr/include'
BOOST_LDFLAGS='-L/usr/lib/x86_64-linux-gnu'
BOOST_SYSTEM_LIB='-lboost_system'
BUILD_QT_FALSE='#'
BUILD_QT_TRUE=''
CC='gcc'
CCDEPMODE='depmode=gcc3'
CFLAGS='-g -O2'
CPPFLAGS=' -I/usr/include -I/usr/local/include'
CSCOPE='cscope'
CTAGS='ctags'
CXX='g++ -std=c++17'
CXXCPP='g++ -E -std=c++17'
CXXDEPMODE='depmode=gcc3'
CXXFLAGS='-g -O2'
CYGPATH_W='echo'
DEFS=''
DEPDIR='.deps'
ECHO_C=''
ECHO_N='-n'
ECHO_T=''
EGREP=''
ETAGS='etags'
EXEEXT=''
GREP=''
HAVE_CXX17='1'
INSTALL_DATA='${INSTALL} -m 644'
INSTALL_PROGRAM='${INSTALL}'
INSTALL_SCRIPT='${INSTALL}'
INSTALL_STRIP_PROGRAM='$(install_sh) -c -s'
LDFLAGS=' -L/usr/lib/x86_64-linux-gnu -L/usr/local/lib'
LIBOBJS=''
LIBRCSCLIB='/usr/local/lib'
LIBS='-lz -lm  -lboost_system'
LTLIBOBJS=''
MAKEINFO='${SHELL} '\''/home/patuur/arquivos/sim_robocup/soccerwindow2-master/soccerwindow2-master/config/missing'\'' makeinfo'
MKDIR_P='/usr/bin/mkdir -p'
OBJEXT='o'
PACKAGE='soccerwindow2'
PACKAGE_BUGREPORT='akky@users.sourceforge.jp'
PACKAGE_NAME='soccerwindow2'
PACKAGE_STRING='soccerwindow2 2023'
PACKAGE_TARNAME='soccerwindow2'
PACKAGE_URL=''
PACKAGE_VERSION='2023'
PATH_SEPARATOR=':'
QMAKE='qmake'
QT_CXXFLAGS='-pipe -O2 -Wall -Wextra -D_REENTRANT -fPIC -DQT_NO_DEBUG -DQT_OPENGL_LIB -DQT_PRINTSUPPORT_LIB -DQT_WIDGETS_LIB -DQT_GUI_LIB -DQT_CONCURRENT_LIB -DQT_DBUS_LIB -DQT_NETWORK_LIB -DQT_SQL_LIB -DQT_TESTLIB_LIB -DQT_XML_LIB -DQT_CORE_LIB -DQT_TESTCASE_BUILDDIR="/tmp/tmp.QwSeHWcw4p" -I. -I/usr/include/x86_64-linux-gnu/qt5 -I/usr/include/x86_64-linux-gnu/qt5/QtOpenGL -I/usr/include/x86_64-linux-gnu/qt5/QtPrintSupport -I/usr/include/x86_64-linux-gnu/qt5/QtWidgets -I/usr/include/x86_64-linux-gnu/qt5/QtGui -I/usr/include/x86_64-linux-gnu/qt5/QtConcurrent -I/usr/include/x86_64-linux-gnu/qt5/QtDBus -I/usr/include/x86_64-linux-gnu/qt5/QtNetwork -I/usr/include/x86_64-linux-gnu/qt5/QtSql -I/usr/include/x86_64-linux-gnu/qt5/QtTest -I/usr/include/x86_64-linux-gnu/qt5/QtXml -I/usr/include/x86_64-linux-gnu/qt5/QtCore -I. -I/usr/lib/x86_64-linux-gnu/qt5/mkspecs/linux-g++ '
QT_DIR='/usr/lib/x86_64-linux-gnu'
QT_LIBS='/usr/lib/x86_64-linux-gnu/libQt5OpenGL.so /usr/lib/x86_64-linux-gnu/libQt5PrintSupport.so /usr/lib/x86_64-linux-gnu/libQt5Widgets.so /usr/lib/x86_64-linux-gnu/libQt5Gui.so /usr/lib/x86_64-linux-gnu/libQt5Concurrent.so /usr/lib/x86_64-linux-gnu/libQt5DBus.so /usr/lib/x86_64-linux-gnu/libQt5Network.so /usr/lib/x86_64-linux-gnu/libQt5Sql.so /usr/lib/x86_64-linux-gnu/libQt5Test.so /usr/lib/x86_64-linux-gnu/libQt5Xml.so /usr/lib/x86_64-linux-gnu/libQt5Core.so -lGL -lpthread  '
QT_LRELEASE='/usr/bin/lrelease'
QT_LUPDATE='/usr/bin/lupdate'
QT_MOC='/usr/bin/moc'
QT_RCC='/usr/bin/rcc'
QT_UIC='/usr/bin/uic'
RANLIB='ranlib'
SET_MAKE=''
SHELL='/bin/bash'
STRIP=''
VERSION='2023'
XMKMF=''
X_CFLAGS=''
X_EXTRA_LIBS=''
X_LIBS=''
X_PRE_LIBS=' -lSM -lICE'
ac_ct_CC='gcc'
ac_ct_CXX='g++'
ac_ct_QMAKE='qmake'
am__EXEEXT_FALSE=''
am__EXEEXT_TRUE=''
am__fastdepCC_FALSE='#'
am__fastdepCC_TRUE=''
am__fastdepCXX_FALSE='#'
am__fastdepCXX_TRUE=''
am__include='include'
am__isrc=''
am__leading_dot='.'
am__nodep='_no'
am__quote=''
am__tar='$${TAR-tar} chof - "$$tardir"'
am__untar='$${TAR-tar} xf -'
bindir='${exec_prefix}/bin'
build='x86_64-pc-linux-gnu'
build_alias=''
build_cpu='x86_64'
build_os='linux-gnu'
build_vendor='pc'
datadir='${datarootdir}'
datarootdir='${prefix}/share'
docdir='${datarootdir}/doc/${PACKAGE_TARNAME}'
dvidir='${docdir}'
exec_prefix='NONE'
host='x86_64-pc-linux-gnu'
host_alias=''
host_cpu='x86_64'
host_os='linux-gnu'
host_vendor='pc'
htmldir='${docdir}'
includedir='${prefix}/include'
infodir='${datarootdir}/info'
install_sh='${SHELL} /home/patuur/arquivos/sim_robocup/soccerwindow2-master/soccerwindow2-master/config/install-sh'
libdir='${exec_prefix}/lib'
libexecdir='${exec_prefix}/libexec'
localedir='${datarootdir}/locale'
localstatedir='${prefix}/var'
mandir='${datarootdir}/man'
mkdir_p='$(MKDIR_P)'
oldincludedir='/usr/include'
pdfdir='${docdir}'
prefix='NONE'
program_transform_name='s,x,x,'
psdir='${docdir}'
runstatedir='${localstatedir}/run'
sbindir='${exec_prefix}/sbin'
sharedstatedir='${prefix}/com'
sysconfdir='${prefix}/etc'
target_alias=''

## ----------- ##
## confdefs.h. ##
## ----------- ##

/* confdefs.h */
#define PACKAGE_NAME "soccerwindow2"
#define PACKAGE_TARNAME "soccerwindow2"
#define PACKAGE_VERSION "2023"
#define PACKAGE_STRING "soccerwindow2 2023"
#define PACKAGE_BUGREPORT "akky@users.sourceforge.jp"
#define PACKAGE_URL ""
#define PACKAGE "soccerwindow2"
#define VERSION "2023"
#define HAVE_CXX17 1
#define HAVE_BOOST /**/
#define HAVE_BOOST_SYSTEM /**/
#define HAVE_LIBZ 1

configure: exit 1
